<?xml version="1.0" encoding="utf-8"?><testsuite errors="0" failures="0" name="pytest" skipped="0" tests="7" time="0.448"><testcase classname="tests.continuous_tests" file="tests/continuous_tests.py" line="179" name="test_data_load_stage" time="0.182"></testcase><testcase classname="tests.continuous_tests" file="tests/continuous_tests.py" line="184" name="test_initial" time="0.000"></testcase><testcase classname="tests.continuous_tests" file="tests/continuous_tests.py" line="188" name="test_check_if_failure" time="0.000"></testcase><testcase classname="tests.continuous_tests" file="tests/continuous_tests.py" line="200" name="test_check_if_json" time="0.213"></testcase><testcase classname="tests.continuous_tests" file="tests/continuous_tests.py" line="215" name="test_check_if_no_error" time="0.000"></testcase><testcase classname="tests.continuous_tests" file="tests/continuous_tests.py" line="227" name="test_encountered_methods" time="0.001"></testcase><testcase classname="tests.continuous_tests" file="tests/continuous_tests.py" line="253" name="test_no_data_returned" time="0.001"></testcase></testsuite>