<?xml version="1.0" encoding="utf-8"?><testsuite errors="0" failures="0" name="pytest" skipped="0" tests="7" time="3.269"><testcase classname="tests.continuous_tests" file="tests/continuous_tests.py" line="179" name="test_data_load_stage" time="1.357"></testcase><testcase classname="tests.continuous_tests" file="tests/continuous_tests.py" line="184" name="test_initial" time="0.006"></testcase><testcase classname="tests.continuous_tests" file="tests/continuous_tests.py" line="196" name="test_check_if_failure" time="0.007"></testcase><testcase classname="tests.continuous_tests" file="tests/continuous_tests.py" line="208" name="test_check_if_json" time="1.386"></testcase><testcase classname="tests.continuous_tests" file="tests/continuous_tests.py" line="223" name="test_check_if_no_error" time="0.006"></testcase><testcase classname="tests.continuous_tests" file="tests/continuous_tests.py" line="235" name="test_encountered_methods" time="0.008"></testcase><testcase classname="tests.continuous_tests" file="tests/continuous_tests.py" line="261" name="test_no_data_returned" time="0.015"></testcase></testsuite>