<?xml version="1.0" encoding="utf-8"?><testsuite errors="0" failures="0" name="pytest" skipped="0" tests="13" time="258.417"><testcase classname="tests.test_yandex_transport_proxy" file="tests/test_yandex_transport_proxy.py" line="25" name="test_initial" time="0.001"></testcase><testcase classname="tests.test_yandex_transport_proxy" file="tests/test_yandex_transport_proxy.py" line="30" name="test_connection_refused" time="0.001"></testcase><testcase classname="tests.test_yandex_transport_proxy" file="tests/test_yandex_transport_proxy.py" line="40" name="test_connection_no_route" time="0.014"></testcase><testcase classname="tests.test_yandex_transport_proxy" file="tests/test_yandex_transport_proxy.py" line="50" name="test_connection_to_working_server" time="0.001"></testcase><testcase classname="tests.test_yandex_transport_proxy" file="tests/test_yandex_transport_proxy.py" line="60" name="test_echo_response" time="4.669"></testcase><testcase classname="tests.test_yandex_transport_proxy" file="tests/test_yandex_transport_proxy.py" line="69" name="test_get_stop_info_input" time="76.219"></testcase><testcase classname="tests.test_yandex_transport_proxy" file="tests/test_yandex_transport_proxy.py" line="97" name="test_get_route_info_input" time="50.587"></testcase><testcase classname="tests.test_yandex_transport_proxy" file="tests/test_yandex_transport_proxy.py" line="125" name="test_get_vehicles_info_input" time="40.359"></testcase><testcase classname="tests.test_yandex_transport_proxy" file="tests/test_yandex_transport_proxy.py" line="153" name="test_get_vehicles_info_with_region_input" time="40.166"></testcase><testcase classname="tests.test_yandex_transport_proxy" file="tests/test_yandex_transport_proxy.py" line="181" name="test_get_all_info_input" time="39.208"></testcase><testcase classname="tests.test_yandex_transport_proxy" file="tests/test_yandex_transport_proxy.py" line="207" name="test_count_vehicles_on_route_no_data" time="0.002"></testcase><testcase classname="tests.test_yandex_transport_proxy" file="tests/test_yandex_transport_proxy.py" line="215" name="test_count_vehicles_on_route_saved_data" time="0.002"></testcase><testcase classname="tests.test_yandex_transport_proxy" file="tests/test_yandex_transport_proxy.py" line="224" name="test_count_vehicles_on_route_live_data" time="7.091"></testcase></testsuite>